2026-06-30 13:21:52,995 INFO scheduler: Mail Gateway Scheduler starting…
2026-06-30 13:21:52,995 INFO scheduler: Mail Gateway Scheduler starting…
2026-06-30 13:21:52,999 INFO scheduler: Poll interval: 120 s
2026-06-30 13:21:52,999 INFO scheduler: Poll interval: 120 s
2026-06-30 13:21:53,007 INFO scheduler: Fetching account: All-Ink Backup
2026-06-30 13:21:53,007 INFO scheduler: Fetching account: All-Ink Backup
2026-06-30 13:21:53,026 ERROR scheduler: [All-Ink Backup] unexpected error: [Errno 2] No such file or directory: 'getmail6'
Traceback (most recent call last):
  File "/opt/mail-gateway/app/scheduler.py", line 127, in run_getmail
    result = subprocess.run(
             ^^^^^^^^^^^^^^^
  File "/usr/local/lib/python3.12/subprocess.py", line 548, in run
    with Popen(*popenargs, **kwargs) as process:
         ^^^^^^^^^^^^^^^^^^^^^^^^^^^
  File "/usr/local/lib/python3.12/subprocess.py", line 1026, in __init__
    self._execute_child(args, executable, preexec_fn, close_fds,
  File "/usr/local/lib/python3.12/subprocess.py", line 1955, in _execute_child
    raise child_exception_type(errno_num, err_msg, err_filename)
FileNotFoundError: [Errno 2] No such file or directory: 'getmail6'
2026-06-30 13:21:53,026 ERROR scheduler: [All-Ink Backup] unexpected error: [Errno 2] No such file or directory: 'getmail6'
Traceback (most recent call last):
  File "/opt/mail-gateway/app/scheduler.py", line 127, in run_getmail
    result = subprocess.run(
             ^^^^^^^^^^^^^^^
  File "/usr/local/lib/python3.12/subprocess.py", line 548, in run
    with Popen(*popenargs, **kwargs) as process:
         ^^^^^^^^^^^^^^^^^^^^^^^^^^^
  File "/usr/local/lib/python3.12/subprocess.py", line 1026, in __init__
    self._execute_child(args, executable, preexec_fn, close_fds,
  File "/usr/local/lib/python3.12/subprocess.py", line 1955, in _execute_child
    raise child_exception_type(errno_num, err_msg, err_filename)
FileNotFoundError: [Errno 2] No such file or directory: 'getmail6'
2026-06-30 13:21:53,031 INFO scheduler: Running msmtp-runqueue…
2026-06-30 13:21:53,031 INFO scheduler: Running msmtp-runqueue…
2026-06-30 13:21:53,032 ERROR scheduler: msmtp-runqueue not found – is msmtp-mta installed?
2026-06-30 13:21:53,032 ERROR scheduler: msmtp-runqueue not found – is msmtp-mta installed?
2026-06-30 13:21:53,035 INFO apscheduler.scheduler: Adding job tentatively -- it will be properly scheduled when the scheduler starts
2026-06-30 13:21:53,035 INFO apscheduler.scheduler: Adding job tentatively -- it will be properly scheduled when the scheduler starts
2026-06-30 13:21:53,045 INFO apscheduler.scheduler: Added job "fetch_all" to job store "default"
2026-06-30 13:21:53,045 INFO apscheduler.scheduler: Added job "fetch_all" to job store "default"
2026-06-30 13:21:53,045 INFO apscheduler.scheduler: Scheduler started
2026-06-30 13:21:53,045 INFO apscheduler.scheduler: Scheduler started
2026-06-30 13:21:53,047 INFO scheduler: Scheduler started.
2026-06-30 13:21:53,047 INFO scheduler: Scheduler started.
2026-06-30 13:23:53,035 INFO apscheduler.executors.default: Running job "fetch_all (trigger: interval[0:02:00], next run at: 2026-06-30 11:23:53 UTC)" (scheduled at 2026-06-30 11:23:53.034561+00:00)
2026-06-30 13:23:53,035 INFO apscheduler.executors.default: Running job "fetch_all (trigger: interval[0:02:00], next run at: 2026-06-30 11:25:53 UTC)" (scheduled at 2026-06-30 11:23:53.034561+00:00)
2026-06-30 13:23:53,040 INFO scheduler: Fetching account: All-Ink Backup
2026-06-30 13:23:53,040 INFO scheduler: Fetching account: All-Ink Backup
2026-06-30 13:23:53,040 ERROR scheduler: [All-Ink Backup] unexpected error: [Errno 2] No such file or directory: 'getmail6'
Traceback (most recent call last):
  File "/opt/mail-gateway/app/scheduler.py", line 127, in run_getmail
    result = subprocess.run(
             ^^^^^^^^^^^^^^^
  File "/usr/local/lib/python3.12/subprocess.py", line 548, in run
    with Popen(*popenargs, **kwargs) as process:
         ^^^^^^^^^^^^^^^^^^^^^^^^^^^
  File "/usr/local/lib/python3.12/subprocess.py", line 1026, in __init__
    self._execute_child(args, executable, preexec_fn, close_fds,
  File "/usr/local/lib/python3.12/subprocess.py", line 1955, in _execute_child
    raise child_exception_type(errno_num, err_msg, err_filename)
FileNotFoundError: [Errno 2] No such file or directory: 'getmail6'
2026-06-30 13:23:53,040 ERROR scheduler: [All-Ink Backup] unexpected error: [Errno 2] No such file or directory: 'getmail6'
Traceback (most recent call last):
  File "/opt/mail-gateway/app/scheduler.py", line 127, in run_getmail
    result = subprocess.run(
             ^^^^^^^^^^^^^^^
  File "/usr/local/lib/python3.12/subprocess.py", line 548, in run
    with Popen(*popenargs, **kwargs) as process:
         ^^^^^^^^^^^^^^^^^^^^^^^^^^^
  File "/usr/local/lib/python3.12/subprocess.py", line 1026, in __init__
    self._execute_child(args, executable, preexec_fn, close_fds,
  File "/usr/local/lib/python3.12/subprocess.py", line 1955, in _execute_child
    raise child_exception_type(errno_num, err_msg, err_filename)
FileNotFoundError: [Errno 2] No such file or directory: 'getmail6'
2026-06-30 13:23:53,042 INFO scheduler: Running msmtp-runqueue…
2026-06-30 13:23:53,042 INFO scheduler: Running msmtp-runqueue…
2026-06-30 13:23:53,042 ERROR scheduler: msmtp-runqueue not found – is msmtp-mta installed?
2026-06-30 13:23:53,042 ERROR scheduler: msmtp-runqueue not found – is msmtp-mta installed?
2026-06-30 13:23:53,043 INFO apscheduler.executors.default: Job "fetch_all (trigger: interval[0:02:00], next run at: 2026-06-30 11:25:53 UTC)" executed successfully
2026-06-30 13:23:53,043 INFO apscheduler.executors.default: Job "fetch_all (trigger: interval[0:02:00], next run at: 2026-06-30 11:25:53 UTC)" executed successfully
2026-06-30 13:25:53,035 INFO apscheduler.executors.default: Running job "fetch_all (trigger: interval[0:02:00], next run at: 2026-06-30 11:27:53 UTC)" (scheduled at 2026-06-30 11:25:53.034561+00:00)
2026-06-30 13:25:53,035 INFO apscheduler.executors.default: Running job "fetch_all (trigger: interval[0:02:00], next run at: 2026-06-30 11:27:53 UTC)" (scheduled at 2026-06-30 11:25:53.034561+00:00)
2026-06-30 13:25:53,041 INFO scheduler: Fetching account: All-Ink Backup
2026-06-30 13:25:53,041 INFO scheduler: Fetching account: All-Ink Backup
2026-06-30 13:25:53,042 ERROR scheduler: [All-Ink Backup] unexpected error: [Errno 2] No such file or directory: 'getmail6'
Traceback (most recent call last):
  File "/opt/mail-gateway/app/scheduler.py", line 127, in run_getmail
    result = subprocess.run(
             ^^^^^^^^^^^^^^^
  File "/usr/local/lib/python3.12/subprocess.py", line 548, in run
    with Popen(*popenargs, **kwargs) as process:
         ^^^^^^^^^^^^^^^^^^^^^^^^^^^
  File "/usr/local/lib/python3.12/subprocess.py", line 1026, in __init__
    self._execute_child(args, executable, preexec_fn, close_fds,
  File "/usr/local/lib/python3.12/subprocess.py", line 1955, in _execute_child
    raise child_exception_type(errno_num, err_msg, err_filename)
FileNotFoundError: [Errno 2] No such file or directory: 'getmail6'
2026-06-30 13:25:53,042 ERROR scheduler: [All-Ink Backup] unexpected error: [Errno 2] No such file or directory: 'getmail6'
Traceback (most recent call last):
  File "/opt/mail-gateway/app/scheduler.py", line 127, in run_getmail
    result = subprocess.run(
             ^^^^^^^^^^^^^^^
  File "/usr/local/lib/python3.12/subprocess.py", line 548, in run
    with Popen(*popenargs, **kwargs) as process:
         ^^^^^^^^^^^^^^^^^^^^^^^^^^^
  File "/usr/local/lib/python3.12/subprocess.py", line 1026, in __init__
    self._execute_child(args, executable, preexec_fn, close_fds,
  File "/usr/local/lib/python3.12/subprocess.py", line 1955, in _execute_child
    raise child_exception_type(errno_num, err_msg, err_filename)
FileNotFoundError: [Errno 2] No such file or directory: 'getmail6'
2026-06-30 13:25:53,044 INFO scheduler: Running msmtp-runqueue…
2026-06-30 13:25:53,044 INFO scheduler: Running msmtp-runqueue…
2026-06-30 13:25:53,045 ERROR scheduler: msmtp-runqueue not found – is msmtp-mta installed?
2026-06-30 13:25:53,045 ERROR scheduler: msmtp-runqueue not found – is msmtp-mta installed?
2026-06-30 13:25:53,046 INFO apscheduler.executors.default: Job "fetch_all (trigger: interval[0:02:00], next run at: 2026-06-30 11:27:53 UTC)" executed successfully
2026-06-30 13:25:53,046 INFO apscheduler.executors.default: Job "fetch_all (trigger: interval[0:02:00], next run at: 2026-06-30 11:27:53 UTC)" executed successfully
