2026-06-30 13:21:49,359 INFO Set uid to user 0 succeeded
2026-06-30 13:21:49,363 INFO supervisord started with pid 1
2026-06-30 13:21:50,366 INFO spawned: 'scheduler' with pid 10
2026-06-30 13:21:50,368 INFO spawned: 'web' with pid 11
2026-06-30 13:21:51,370 INFO success: scheduler entered RUNNING state, process has stayed up for > than 1 seconds (startsecs)
2026-06-30 13:21:51,370 INFO success: web entered RUNNING state, process has stayed up for > than 1 seconds (startsecs)
2026-06-30 13:21:52,995 WARN exited: web (exit status 3; not expected)
2026-06-30 13:21:53,001 INFO spawned: 'web' with pid 19
2026-06-30 13:21:54,049 INFO success: web entered RUNNING state, process has stayed up for > than 1 seconds (startsecs)
2026-06-30 13:21:54,887 WARN exited: web (exit status 3; not expected)
2026-06-30 13:21:55,892 INFO spawned: 'web' with pid 24
2026-06-30 13:21:56,895 INFO success: web entered RUNNING state, process has stayed up for > than 1 seconds (startsecs)
2026-06-30 13:21:57,383 WARN exited: web (exit status 3; not expected)
2026-06-30 13:21:58,385 INFO spawned: 'web' with pid 33
2026-06-30 13:21:59,387 INFO success: web entered RUNNING state, process has stayed up for > than 1 seconds (startsecs)
2026-06-30 13:21:59,555 WARN exited: web (exit status 3; not expected)
2026-06-30 13:22:00,557 INFO spawned: 'web' with pid 35
2026-06-30 13:22:01,559 INFO success: web entered RUNNING state, process has stayed up for > than 1 seconds (startsecs)
2026-06-30 13:22:03,738 WARN exited: web (exit status 3; not expected)
2026-06-30 13:22:04,740 INFO spawned: 'web' with pid 44
2026-06-30 13:22:05,742 INFO success: web entered RUNNING state, process has stayed up for > than 1 seconds (startsecs)
2026-06-30 13:22:07,156 WARN exited: web (exit status 3; not expected)
2026-06-30 13:22:08,158 INFO spawned: 'web' with pid 52
2026-06-30 13:22:09,167 INFO success: web entered RUNNING state, process has stayed up for > than 1 seconds (startsecs)
2026-06-30 13:22:09,866 WARN exited: web (exit status 3; not expected)
2026-06-30 13:22:10,869 INFO spawned: 'web' with pid 54
2026-06-30 13:22:11,870 INFO success: web entered RUNNING state, process has stayed up for > than 1 seconds (startsecs)
2026-06-30 13:22:13,291 WARN exited: web (exit status 3; not expected)
2026-06-30 13:22:14,293 INFO spawned: 'web' with pid 62
2026-06-30 13:22:15,295 INFO success: web entered RUNNING state, process has stayed up for > than 1 seconds (startsecs)
2026-06-30 13:22:15,789 WARN exited: web (exit status 3; not expected)
2026-06-30 13:22:16,793 INFO spawned: 'web' with pid 64
2026-06-30 13:22:17,795 INFO success: web entered RUNNING state, process has stayed up for > than 1 seconds (startsecs)
2026-06-30 13:22:19,605 WARN exited: web (exit status 3; not expected)
2026-06-30 13:22:20,607 INFO spawned: 'web' with pid 72
2026-06-30 13:22:21,611 INFO success: web entered RUNNING state, process has stayed up for > than 1 seconds (startsecs)
2026-06-30 13:22:21,826 WARN exited: web (exit status 3; not expected)
2026-06-30 13:22:22,832 INFO spawned: 'web' with pid 74
2026-06-30 13:22:23,840 INFO success: web entered RUNNING state, process has stayed up for > than 1 seconds (startsecs)
2026-06-30 13:22:24,436 WARN exited: web (exit status 3; not expected)
2026-06-30 13:22:25,438 INFO spawned: 'web' with pid 83
2026-06-30 13:22:26,449 INFO success: web entered RUNNING state, process has stayed up for > than 1 seconds (startsecs)
2026-06-30 13:22:28,363 WARN exited: web (exit status 3; not expected)
2026-06-30 13:22:29,366 INFO spawned: 'web' with pid 91
2026-06-30 13:22:30,367 INFO success: web entered RUNNING state, process has stayed up for > than 1 seconds (startsecs)
2026-06-30 13:22:30,722 WARN exited: web (exit status 3; not expected)
2026-06-30 13:22:31,724 INFO spawned: 'web' with pid 93
2026-06-30 13:22:32,725 INFO success: web entered RUNNING state, process has stayed up for > than 1 seconds (startsecs)
2026-06-30 13:22:34,356 WARN exited: web (exit status 3; not expected)
2026-06-30 13:22:35,358 INFO spawned: 'web' with pid 102
2026-06-30 13:22:36,360 INFO success: web entered RUNNING state, process has stayed up for > than 1 seconds (startsecs)
2026-06-30 13:22:37,023 WARN exited: web (exit status 3; not expected)
2026-06-30 13:22:38,026 INFO spawned: 'web' with pid 104
2026-06-30 13:22:39,028 INFO success: web entered RUNNING state, process has stayed up for > than 1 seconds (startsecs)
2026-06-30 13:22:39,379 WARN exited: web (exit status 3; not expected)
2026-06-30 13:22:40,382 INFO spawned: 'web' with pid 113
2026-06-30 13:22:41,384 INFO success: web entered RUNNING state, process has stayed up for > than 1 seconds (startsecs)
2026-06-30 13:22:42,000 WARN exited: web (exit status 3; not expected)
2026-06-30 13:22:43,003 INFO spawned: 'web' with pid 115
2026-06-30 13:22:44,005 INFO success: web entered RUNNING state, process has stayed up for > than 1 seconds (startsecs)
2026-06-30 13:22:44,413 WARN exited: web (exit status 3; not expected)
2026-06-30 13:22:45,416 INFO spawned: 'web' with pid 124
2026-06-30 13:22:46,423 INFO success: web entered RUNNING state, process has stayed up for > than 1 seconds (startsecs)
2026-06-30 13:22:47,541 WARN exited: web (exit status 3; not expected)
2026-06-30 13:22:48,543 INFO spawned: 'web' with pid 126
2026-06-30 13:22:49,586 INFO success: web entered RUNNING state, process has stayed up for > than 1 seconds (startsecs)
2026-06-30 13:22:49,635 WARN exited: web (exit status 3; not expected)
2026-06-30 13:22:50,637 INFO spawned: 'web' with pid 135
2026-06-30 13:22:51,602 WARN exited: web (exit status 3; not expected)
2026-06-30 13:22:52,605 INFO spawned: 'web' with pid 137
2026-06-30 13:22:53,583 WARN exited: web (exit status 3; not expected)
2026-06-30 13:22:55,587 INFO spawned: 'web' with pid 139
2026-06-30 13:22:56,589 INFO success: web entered RUNNING state, process has stayed up for > than 1 seconds (startsecs)
2026-06-30 13:22:56,589 WARN exited: web (exit status 3; not expected)
2026-06-30 13:22:57,592 INFO spawned: 'web' with pid 141
2026-06-30 13:22:58,547 WARN exited: web (exit status 3; not expected)
2026-06-30 13:22:59,549 INFO spawned: 'web' with pid 143
2026-06-30 13:23:00,551 INFO success: web entered RUNNING state, process has stayed up for > than 1 seconds (startsecs)
2026-06-30 13:23:00,978 WARN exited: web (exit status 3; not expected)
2026-06-30 13:23:01,981 INFO spawned: 'web' with pid 145
2026-06-30 13:23:02,937 WARN exited: web (exit status 3; not expected)
2026-06-30 13:23:03,940 INFO spawned: 'web' with pid 147
2026-06-30 13:23:04,938 WARN exited: web (exit status 3; not expected)
2026-06-30 13:23:06,941 INFO spawned: 'web' with pid 149
2026-06-30 13:23:07,935 WARN exited: web (exit status 3; not expected)
2026-06-30 13:23:10,940 INFO spawned: 'web' with pid 151
2026-06-30 13:23:11,951 INFO success: web entered RUNNING state, process has stayed up for > than 1 seconds (startsecs)
2026-06-30 13:23:11,951 WARN exited: web (exit status 3; not expected)
2026-06-30 13:23:12,952 INFO spawned: 'web' with pid 153
2026-06-30 13:23:13,954 INFO success: web entered RUNNING state, process has stayed up for > than 1 seconds (startsecs)
2026-06-30 13:23:14,080 WARN exited: web (exit status 3; not expected)
2026-06-30 13:23:15,082 INFO spawned: 'web' with pid 155
2026-06-30 13:23:16,107 INFO success: web entered RUNNING state, process has stayed up for > than 1 seconds (startsecs)
2026-06-30 13:23:16,200 WARN exited: web (exit status 3; not expected)
2026-06-30 13:23:17,202 INFO spawned: 'web' with pid 157
2026-06-30 13:23:18,202 INFO success: web entered RUNNING state, process has stayed up for > than 1 seconds (startsecs)
2026-06-30 13:23:19,351 WARN exited: web (exit status 3; not expected)
2026-06-30 13:23:20,353 INFO spawned: 'web' with pid 166
2026-06-30 13:23:21,354 INFO success: web entered RUNNING state, process has stayed up for > than 1 seconds (startsecs)
2026-06-30 13:23:21,493 WARN exited: web (exit status 3; not expected)
2026-06-30 13:23:22,496 INFO spawned: 'web' with pid 168
2026-06-30 13:23:23,492 WARN exited: web (exit status 3; not expected)
2026-06-30 13:23:24,494 INFO spawned: 'web' with pid 170
2026-06-30 13:23:25,450 WARN exited: web (exit status 3; not expected)
2026-06-30 13:23:27,453 INFO spawned: 'web' with pid 172
2026-06-30 13:23:28,423 WARN exited: web (exit status 3; not expected)
2026-06-30 13:23:31,428 INFO spawned: 'web' with pid 174
2026-06-30 13:23:32,384 WARN exited: web (exit status 3; not expected)
2026-06-30 13:23:36,389 INFO spawned: 'web' with pid 176
2026-06-30 13:23:37,391 INFO success: web entered RUNNING state, process has stayed up for > than 1 seconds (startsecs)
2026-06-30 13:23:37,739 WARN exited: web (exit status 3; not expected)
2026-06-30 13:23:38,741 INFO spawned: 'web' with pid 178
2026-06-30 13:23:39,769 INFO success: web entered RUNNING state, process has stayed up for > than 1 seconds (startsecs)
2026-06-30 13:23:39,769 WARN exited: web (exit status 3; not expected)
2026-06-30 13:23:40,775 INFO spawned: 'web' with pid 180
2026-06-30 13:23:41,777 INFO success: web entered RUNNING state, process has stayed up for > than 1 seconds (startsecs)
2026-06-30 13:23:42,132 WARN exited: web (exit status 3; not expected)
2026-06-30 13:23:43,134 INFO spawned: 'web' with pid 182
2026-06-30 13:23:44,115 WARN exited: web (exit status 3; not expected)
2026-06-30 13:23:45,117 INFO spawned: 'web' with pid 184
2026-06-30 13:23:46,116 WARN exited: web (exit status 3; not expected)
2026-06-30 13:23:48,120 INFO spawned: 'web' with pid 186
2026-06-30 13:23:49,121 INFO success: web entered RUNNING state, process has stayed up for > than 1 seconds (startsecs)
2026-06-30 13:23:50,488 WARN exited: web (exit status 3; not expected)
2026-06-30 13:23:51,491 INFO spawned: 'web' with pid 196
2026-06-30 13:23:52,523 INFO success: web entered RUNNING state, process has stayed up for > than 1 seconds (startsecs)
2026-06-30 13:23:52,523 WARN exited: web (exit status 3; not expected)
2026-06-30 13:23:53,037 INFO spawned: 'web' with pid 199
2026-06-30 13:23:54,044 INFO success: web entered RUNNING state, process has stayed up for > than 1 seconds (startsecs)
2026-06-30 13:23:54,365 WARN exited: web (exit status 3; not expected)
2026-06-30 13:23:55,367 INFO spawned: 'web' with pid 203
2026-06-30 13:23:56,369 INFO success: web entered RUNNING state, process has stayed up for > than 1 seconds (startsecs)
2026-06-30 13:23:56,613 WARN exited: web (exit status 3; not expected)
2026-06-30 13:23:57,615 INFO spawned: 'web' with pid 205
2026-06-30 13:23:58,652 INFO success: web entered RUNNING state, process has stayed up for > than 1 seconds (startsecs)
2026-06-30 13:23:58,693 WARN exited: web (exit status 3; not expected)
2026-06-30 13:23:59,695 INFO spawned: 'web' with pid 207
2026-06-30 13:24:00,696 INFO success: web entered RUNNING state, process has stayed up for > than 1 seconds (startsecs)
2026-06-30 13:24:01,904 WARN exited: web (exit status 3; not expected)
2026-06-30 13:24:02,906 INFO spawned: 'web' with pid 209
2026-06-30 13:24:04,095 INFO success: web entered RUNNING state, process has stayed up for > than 1 seconds (startsecs)
2026-06-30 13:24:04,180 WARN exited: web (exit status 3; not expected)
2026-06-30 13:24:05,183 INFO spawned: 'web' with pid 211
2026-06-30 13:24:06,148 WARN exited: web (exit status 3; not expected)
2026-06-30 13:24:07,150 INFO spawned: 'web' with pid 213
2026-06-30 13:24:08,151 INFO success: web entered RUNNING state, process has stayed up for > than 1 seconds (startsecs)
2026-06-30 13:24:08,544 WARN exited: web (exit status 3; not expected)
2026-06-30 13:24:09,547 INFO spawned: 'web' with pid 215
2026-06-30 13:24:10,534 WARN exited: web (exit status 3; not expected)
2026-06-30 13:24:11,537 INFO spawned: 'web' with pid 217
2026-06-30 13:24:12,545 INFO success: web entered RUNNING state, process has stayed up for > than 1 seconds (startsecs)
2026-06-30 13:24:12,546 WARN exited: web (exit status 3; not expected)
2026-06-30 13:24:13,548 INFO spawned: 'web' with pid 219
2026-06-30 13:24:14,489 WARN exited: web (exit status 3; not expected)
2026-06-30 13:24:15,492 INFO spawned: 'web' with pid 221
2026-06-30 13:24:16,436 WARN exited: web (exit status 3; not expected)
2026-06-30 13:24:18,440 INFO spawned: 'web' with pid 223
2026-06-30 13:24:19,441 INFO success: web entered RUNNING state, process has stayed up for > than 1 seconds (startsecs)
2026-06-30 13:24:20,627 WARN exited: web (exit status 3; not expected)
2026-06-30 13:24:21,628 INFO spawned: 'web' with pid 232
2026-06-30 13:24:22,619 WARN exited: web (exit status 3; not expected)
2026-06-30 13:24:23,621 INFO spawned: 'web' with pid 234
2026-06-30 13:24:24,623 INFO success: web entered RUNNING state, process has stayed up for > than 1 seconds (startsecs)
2026-06-30 13:24:25,004 WARN exited: web (exit status 3; not expected)
2026-06-30 13:24:26,006 INFO spawned: 'web' with pid 236
2026-06-30 13:24:27,030 INFO success: web entered RUNNING state, process has stayed up for > than 1 seconds (startsecs)
2026-06-30 13:24:28,149 WARN exited: web (exit status 3; not expected)
2026-06-30 13:24:29,152 INFO spawned: 'web' with pid 238
2026-06-30 13:24:30,153 INFO success: web entered RUNNING state, process has stayed up for > than 1 seconds (startsecs)
2026-06-30 13:24:30,583 WARN exited: web (exit status 3; not expected)
2026-06-30 13:24:31,589 INFO spawned: 'web' with pid 240
2026-06-30 13:24:32,614 INFO success: web entered RUNNING state, process has stayed up for > than 1 seconds (startsecs)
2026-06-30 13:24:32,614 WARN exited: web (exit status 3; not expected)
2026-06-30 13:24:33,616 INFO spawned: 'web' with pid 242
2026-06-30 13:24:34,642 INFO success: web entered RUNNING state, process has stayed up for > than 1 seconds (startsecs)
2026-06-30 13:24:34,642 WARN exited: web (exit status 3; not expected)
2026-06-30 13:24:35,644 INFO spawned: 'web' with pid 244
2026-06-30 13:24:36,645 INFO success: web entered RUNNING state, process has stayed up for > than 1 seconds (startsecs)
2026-06-30 13:24:36,811 WARN exited: web (exit status 3; not expected)
2026-06-30 13:24:37,813 INFO spawned: 'web' with pid 246
2026-06-30 13:24:38,774 WARN exited: web (exit status 3; not expected)
2026-06-30 13:24:39,776 INFO spawned: 'web' with pid 248
2026-06-30 13:24:40,801 INFO success: web entered RUNNING state, process has stayed up for > than 1 seconds (startsecs)
2026-06-30 13:24:40,801 WARN exited: web (exit status 3; not expected)
2026-06-30 13:24:41,803 INFO spawned: 'web' with pid 250
2026-06-30 13:24:42,759 WARN exited: web (exit status 3; not expected)
2026-06-30 13:24:43,762 INFO spawned: 'web' with pid 252
2026-06-30 13:24:44,763 INFO success: web entered RUNNING state, process has stayed up for > than 1 seconds (startsecs)
2026-06-30 13:24:45,115 WARN exited: web (exit status 3; not expected)
2026-06-30 13:24:46,118 INFO spawned: 'web' with pid 254
2026-06-30 13:24:47,083 WARN exited: web (exit status 3; not expected)
2026-06-30 13:24:48,086 INFO spawned: 'web' with pid 256
2026-06-30 13:24:49,088 INFO success: web entered RUNNING state, process has stayed up for > than 1 seconds (startsecs)
2026-06-30 13:24:49,124 WARN exited: web (exit status 3; not expected)
2026-06-30 13:24:50,127 INFO spawned: 'web' with pid 265
2026-06-30 13:24:51,189 INFO success: web entered RUNNING state, process has stayed up for > than 1 seconds (startsecs)
2026-06-30 13:24:51,277 WARN exited: web (exit status 3; not expected)
2026-06-30 13:24:52,279 INFO spawned: 'web' with pid 267
2026-06-30 13:24:53,234 WARN exited: web (exit status 3; not expected)
2026-06-30 13:24:54,236 INFO spawned: 'web' with pid 269
2026-06-30 13:24:55,241 INFO success: web entered RUNNING state, process has stayed up for > than 1 seconds (startsecs)
2026-06-30 13:24:55,241 WARN exited: web (exit status 3; not expected)
2026-06-30 13:24:56,244 INFO spawned: 'web' with pid 271
2026-06-30 13:24:57,228 WARN exited: web (exit status 3; not expected)
2026-06-30 13:24:58,230 INFO spawned: 'web' with pid 273
2026-06-30 13:24:59,235 INFO success: web entered RUNNING state, process has stayed up for > than 1 seconds (startsecs)
2026-06-30 13:24:59,236 WARN exited: web (exit status 3; not expected)
2026-06-30 13:25:00,238 INFO spawned: 'web' with pid 275
2026-06-30 13:25:01,240 INFO success: web entered RUNNING state, process has stayed up for > than 1 seconds (startsecs)
2026-06-30 13:25:01,732 WARN exited: web (exit status 3; not expected)
2026-06-30 13:25:02,734 INFO spawned: 'web' with pid 277
2026-06-30 13:25:03,733 INFO success: web entered RUNNING state, process has stayed up for > than 1 seconds (startsecs)
2026-06-30 13:25:03,733 WARN exited: web (exit status 3; not expected)
2026-06-30 13:25:04,736 INFO spawned: 'web' with pid 279
2026-06-30 13:25:05,846 INFO success: web entered RUNNING state, process has stayed up for > than 1 seconds (startsecs)
2026-06-30 13:25:05,958 WARN exited: web (exit status 3; not expected)
2026-06-30 13:25:06,960 INFO spawned: 'web' with pid 281
2026-06-30 13:25:08,005 INFO success: web entered RUNNING state, process has stayed up for > than 1 seconds (startsecs)
2026-06-30 13:25:08,090 WARN exited: web (exit status 3; not expected)
2026-06-30 13:25:09,093 INFO spawned: 'web' with pid 283
2026-06-30 13:25:10,111 INFO success: web entered RUNNING state, process has stayed up for > than 1 seconds (startsecs)
2026-06-30 13:25:10,161 WARN exited: web (exit status 3; not expected)
2026-06-30 13:25:11,163 INFO spawned: 'web' with pid 285
2026-06-30 13:25:12,164 INFO success: web entered RUNNING state, process has stayed up for > than 1 seconds (startsecs)
2026-06-30 13:25:12,408 WARN exited: web (exit status 3; not expected)
2026-06-30 13:25:13,410 INFO spawned: 'web' with pid 287
2026-06-30 13:25:14,426 INFO success: web entered RUNNING state, process has stayed up for > than 1 seconds (startsecs)
2026-06-30 13:25:14,529 WARN exited: web (exit status 3; not expected)
2026-06-30 13:25:15,531 INFO spawned: 'web' with pid 289
2026-06-30 13:25:16,770 INFO success: web entered RUNNING state, process has stayed up for > than 1 seconds (startsecs)
2026-06-30 13:25:16,848 WARN exited: web (exit status 3; not expected)
2026-06-30 13:25:17,850 INFO spawned: 'web' with pid 291
2026-06-30 13:25:18,796 WARN exited: web (exit status 3; not expected)
2026-06-30 13:25:19,798 INFO spawned: 'web' with pid 300
2026-06-30 13:25:20,819 INFO success: web entered RUNNING state, process has stayed up for > than 1 seconds (startsecs)
2026-06-30 13:25:20,819 WARN exited: web (exit status 3; not expected)
2026-06-30 13:25:21,822 INFO spawned: 'web' with pid 302
2026-06-30 13:25:22,832 INFO success: web entered RUNNING state, process has stayed up for > than 1 seconds (startsecs)
2026-06-30 13:25:22,832 WARN exited: web (exit status 3; not expected)
2026-06-30 13:25:23,835 INFO spawned: 'web' with pid 304
2026-06-30 13:25:24,873 INFO success: web entered RUNNING state, process has stayed up for > than 1 seconds (startsecs)
2026-06-30 13:25:24,874 WARN exited: web (exit status 3; not expected)
2026-06-30 13:25:25,875 INFO spawned: 'web' with pid 306
2026-06-30 13:25:26,839 WARN exited: web (exit status 3; not expected)
2026-06-30 13:25:27,841 INFO spawned: 'web' with pid 308
2026-06-30 13:25:28,864 INFO success: web entered RUNNING state, process has stayed up for > than 1 seconds (startsecs)
2026-06-30 13:25:28,864 WARN exited: web (exit status 3; not expected)
2026-06-30 13:25:29,866 INFO spawned: 'web' with pid 310
2026-06-30 13:25:30,884 INFO success: web entered RUNNING state, process has stayed up for > than 1 seconds (startsecs)
2026-06-30 13:25:30,884 WARN exited: web (exit status 3; not expected)
2026-06-30 13:25:31,886 INFO spawned: 'web' with pid 312
2026-06-30 13:25:32,878 WARN exited: web (exit status 3; not expected)
2026-06-30 13:25:33,880 INFO spawned: 'web' with pid 314
2026-06-30 13:25:34,895 INFO success: web entered RUNNING state, process has stayed up for > than 1 seconds (startsecs)
2026-06-30 13:25:34,895 WARN exited: web (exit status 3; not expected)
2026-06-30 13:25:35,897 INFO spawned: 'web' with pid 316
2026-06-30 13:25:36,907 INFO success: web entered RUNNING state, process has stayed up for > than 1 seconds (startsecs)
2026-06-30 13:25:36,993 WARN exited: web (exit status 3; not expected)
2026-06-30 13:25:37,995 INFO spawned: 'web' with pid 318
2026-06-30 13:25:39,041 INFO success: web entered RUNNING state, process has stayed up for > than 1 seconds (startsecs)
2026-06-30 13:25:39,091 WARN exited: web (exit status 3; not expected)
2026-06-30 13:25:40,094 INFO spawned: 'web' with pid 320
2026-06-30 13:25:41,123 INFO success: web entered RUNNING state, process has stayed up for > than 1 seconds (startsecs)
2026-06-30 13:25:41,123 WARN exited: web (exit status 3; not expected)
2026-06-30 13:25:42,125 INFO spawned: 'web' with pid 322
2026-06-30 13:25:43,127 INFO success: web entered RUNNING state, process has stayed up for > than 1 seconds (startsecs)
2026-06-30 13:25:43,494 WARN exited: web (exit status 3; not expected)
2026-06-30 13:25:44,496 INFO spawned: 'web' with pid 324
2026-06-30 13:25:45,518 INFO success: web entered RUNNING state, process has stayed up for > than 1 seconds (startsecs)
2026-06-30 13:25:45,518 WARN exited: web (exit status 3; not expected)
2026-06-30 13:25:46,521 INFO spawned: 'web' with pid 326
2026-06-30 13:25:47,510 WARN exited: web (exit status 3; not expected)
2026-06-30 13:25:48,512 INFO spawned: 'web' with pid 328
2026-06-30 13:25:49,527 INFO success: web entered RUNNING state, process has stayed up for > than 1 seconds (startsecs)
2026-06-30 13:25:49,527 WARN exited: web (exit status 3; not expected)
2026-06-30 13:25:50,529 INFO spawned: 'web' with pid 338
2026-06-30 13:25:51,560 INFO success: web entered RUNNING state, process has stayed up for > than 1 seconds (startsecs)
2026-06-30 13:25:51,560 WARN exited: web (exit status 3; not expected)
2026-06-30 13:25:52,563 INFO spawned: 'web' with pid 340
2026-06-30 13:25:53,573 INFO success: web entered RUNNING state, process has stayed up for > than 1 seconds (startsecs)
2026-06-30 13:25:53,573 WARN exited: web (exit status 3; not expected)
2026-06-30 13:25:54,576 INFO spawned: 'web' with pid 344
